[    0.000000] Initializing cgroup subsys cpuset
[    0.000000] Initializing cgroup subsys cpu
[    0.000000] Initializing cgroup subsys cpuacct
[    0.000000] Linux version 4.4.0-143-generic (buildd@lgw01-amd64-041) (gcc version 5.4.0 20160609 (Ubuntu 5.4.0-6ubuntu1~16.04.10) ) #169-Ubuntu SMP Thu Feb 7 07:56:38 UTC 2019 (Ubuntu 4.4.0-143.169-generic 4.4.170)
[    0.000000] Command line: BOOT_IMAGE=/boot/vmlinuz-4.4.0-143-generic root=LABEL=cloudimg-rootfs ro console=tty1 console=ttyS0
[    0.000000] KERNEL supported cpus:
[    0.000000]   Intel GenuineIntel
[    0.000000]   AMD AuthenticAMD
[    0.000000]   Centaur CentaurHauls
[    0.000000] x86/fpu: xstate_offset[2]:  576, xstate_sizes[2]:  256
[    0.000000] x86/fpu: Supporting XSAVE feature 0x01: 'x87 floating point registers'
[    0.000000] x86/fpu: Supporting XSAVE feature 0x02: 'SSE registers'
[    0.000000] x86/fpu: Supporting XSAVE feature 0x04: 'AVX registers'
[    0.000000] x86/fpu: Enabled xstate features 0x7, context size is 832 bytes, using 'standard' format.
[    0.000000] e820: BIOS-provided physical RAM map:
[    0.000000] BIOS-e820: [mem 0x0000000000000000-0x000000000009fbff] usable
[    0.000000] BIOS-e820: [mem 0x000000000009fc00-0x000000000009ffff] reserved
[    0.000000] BIOS-e820: [mem 0x00000000000f0000-0x00000000000fffff] reserved
[    0.000000] BIOS-e820: [mem 0x0000000000100000-0x000000003ffeffff] usable
[    0.000000] BIOS-e820: [mem 0x000000003fff0000-0x000000003fffffff] ACPI data
[    0.000000] BIOS-e820: [mem 0x00000000fec00000-0x00000000fec00fff] reserved
[    0.000000] BIOS-e820: [mem 0x00000000fee00000-0x00000000fee00fff] reserved
[    0.000000] BIOS-e820: [mem 0x00000000fffc0000-0x00000000ffffffff] reserved
[    0.000000] NX (Execute Disable) protection: active
[    0.000000] SMBIOS 2.5 present.
[    0.000000] Hypervisor detected: KVM
[    0.000000] e820: last_pfn = 0x3fff0 max_arch_pfn = 0x400000000
[    0.000000] MTRR: Disabled
[    0.000000] x86/PAT: MTRRs disabled, skipping PAT initialization too.
[    0.000000] CPU MTRRs all blank - virtualized system.
[    0.000000] x86/PAT: Configuration [0-7]: WB  WT  UC- UC  WB  WT  UC- UC  
[    0.000000] found SMP MP-table at [mem 0x0009fff0-0x0009ffff] mapped at [ffff88000009fff0]
[    0.000000] Scanning 1 areas for low memory corruption
[    0.000000] RAMDISK: [mem 0x36300000-0x37177fff]
[    0.000000] ACPI: Early table checksum verification disabled
[    0.000000] ACPI: RSDP 0x00000000000E0000 000024 (v02 VBOX  )
[    0.000000] ACPI: XSDT 0x000000003FFF0030 00003C (v01 VBOX   VBOXXSDT 00000001 ASL  00000061)
[    0.000000] ACPI: FACP 0x000000003FFF00F0 0000F4 (v04 VBOX   VBOXFACP 00000001 ASL  00000061)
[    0.000000] ACPI: DSDT 0x000000003FFF0470 0022EA (v02 VBOX   VBOXBIOS 00000002 INTL 20100528)
[    0.000000] ACPI: FACS 0x000000003FFF0200 000040
[    0.000000] ACPI: FACS 0x000000003FFF0200 000040
[    0.000000] ACPI: APIC 0x000000003FFF0240 00005C (v02 VBOX   VBOXAPIC 00000001 ASL  00000061)
[    0.000000] ACPI: SSDT 0x000000003FFF02A0 0001CC (v01 VBOX   VBOXCPUT 00000002 INTL 20100528)
[    0.000000] No NUMA configuration found
[    0.000000] Faking a node at [mem 0x0000000000000000-0x000000003ffeffff]
[    0.000000] NODE_DATA(0) allocated [mem 0x3ffeb000-0x3ffeffff]
[    0.000000] kvm-clock: Using msrs 4b564d01 and 4b564d00
[    0.000000] kvm-clock: cpu 0, msr 0:3ffe3001, primary cpu clock
[    0.000000] kvm-clock: using sched offset of 7067743694 cycles
[    0.000000] clocksource: kvm-clock: mask: 0xffffffffffffffff max_cycles: 0x1cd42e4dffb, max_idle_ns: 881590591483 ns
[    0.000000] Zone ranges:
[    0.000000]   DMA      [mem 0x0000000000001000-0x0000000000ffffff]
[    0.000000]   DMA32    [mem 0x0000000001000000-0x000000003ffeffff]
[    0.000000]   Normal   empty
[    0.000000]   Device   empty
[    0.000000] Movable zone start for each node
[    0.000000] Early memory node ranges
[    0.000000]   node   0: [mem 0x0000000000001000-0x000000000009efff]
[    0.000000]   node   0: [mem 0x0000000000100000-0x000000003ffeffff]
[    0.000000] Initmem setup node 0 [mem 0x0000000000001000-0x000000003ffeffff]
[    0.000000] ACPI: PM-Timer IO Port: 0x4008
[    0.000000] IOAPIC[0]: apic_id 2, version 32, address 0xfec00000, GSI 0-23
[    0.000000] ACPI: INT_SRC_OVR (bus 0 bus_irq 0 global_irq 2 dfl dfl)
[    0.000000] ACPI: INT_SRC_OVR (bus 0 bus_irq 9 global_irq 9 low level)
[    0.000000] Using ACPI (MADT) for SMP configuration information
[    0.000000] smpboot: Allowing 2 CPUs, 0 hotplug CPUs
[    0.000000] PM: Registered nosave memory: [mem 0x00000000-0x00000fff]
[    0.000000] PM: Registered nosave memory: [mem 0x0009f000-0x0009ffff]
[    0.000000] PM: Registered nosave memory: [mem 0x000a0000-0x000effff]
[    0.000000] PM: Registered nosave memory: [mem 0x000f0000-0x000fffff]
[    0.000000] e820: [mem 0x40000000-0xfebfffff] available for PCI devices
[    0.000000] Booting paravirtualized kernel on KVM
[    0.000000] clocksource: refined-jiffies: mask: 0xffffffff max_cycles: 0xffffffff, max_idle_ns: 7645519600211568 ns
[    0.000000] setup_percpu: NR_CPUS:512 nr_cpumask_bits:512 nr_cpu_ids:2 nr_node_ids:1
[    0.000000] PERCPU: Embedded 34 pages/cpu @ffff88003fc00000 s99480 r8192 d31592 u1048576
[    0.000000] Built 1 zonelists in Node order, mobility grouping on.  Total pages: 257912
[    0.000000] Policy zone: DMA32
[    0.000000] Kernel command line: BOOT_IMAGE=/boot/vmlinuz-4.4.0-143-generic root=LABEL=cloudimg-rootfs ro console=tty1 console=ttyS0
[    0.000000] PID hash table entries: 4096 (order: 3, 32768 bytes)
[    0.000000] Memory: 997716K/1048120K available (8608K kernel code, 1332K rwdata, 4008K rodata, 1484K init, 1316K bss, 50404K reserved, 0K cma-reserved)
[    0.000000] SLUB: HWalign=64, Order=0-3, MinObjects=0, CPUs=2, Nodes=1
[    0.000000] Kernel/User page tables isolation: enabled
[    0.000000] Hierarchical RCU implementation.
[    0.000000] 	Build-time adjustment of leaf fanout to 64.
[    0.000000] 	RCU restricting CPUs from NR_CPUS=512 to nr_cpu_ids=2.
[    0.000000] RCU: Adjusting geometry for rcu_fanout_leaf=64, nr_cpu_ids=2
[    0.000000] NR_IRQS:33024 nr_irqs:440 16
[    0.000000] Console: colour VGA+ 80x25
[    0.000000] console [tty1] enabled
[    0.000000] console [ttyS0] enabled
[    0.000000] tsc: Detected 2303.998 MHz processor
[    0.360232] Calibrating delay loop (skipped) preset value.. 4607.99 BogoMIPS (lpj=9215992)
[    0.363043] pid_max: default: 32768 minimum: 301
[    0.364422] ACPI: Core revision 20150930
[    0.367993] ACPI: 2 ACPI AML tables successfully acquired and loaded
[    0.371335] Security Framework initialized
[    0.372509] Yama: becoming mindful.
[    0.373638] AppArmor: AppArmor initialized
[    0.375285] Dentry cache hash table entries: 131072 (order: 8, 1048576 bytes)
[    0.379670] Inode-cache hash table entries: 65536 (order: 7, 524288 bytes)
[    0.381958] Mount-cache hash table entries: 2048 (order: 2, 16384 bytes)
[    0.384092] Mountpoint-cache hash table entries: 2048 (order: 2, 16384 bytes)
[    0.388563] Initializing cgroup subsys io
[    0.389890] Initializing cgroup subsys memory
[    0.390861] Initializing cgroup subsys devices
[    0.391813] Initializing cgroup subsys freezer
[    0.392769] Initializing cgroup subsys net_cls
[    0.394021] Initializing cgroup subsys perf_event
[    0.397303] Initializing cgroup subsys net_prio
[    0.399094] Initializing cgroup subsys hugetlb
[    0.400312] Initializing cgroup subsys pids
[    0.402678] mce: CPU supports 0 MCE banks
[    0.403741] Last level iTLB entries: 4KB 64, 2MB 8, 4MB 8
[    0.405826] Last level dTLB entries: 4KB 64, 2MB 0, 4MB 0, 1GB 4
[    0.407448] Spectre V2 : Mitigation: Full generic retpoline
[    0.408738] Spectre V2 : Spectre v2 / SpectreRSB mitigation: Filling RSB on context switch
[    0.410881] Speculative Store Bypass: Vulnerable
[    0.415722] Freeing SMP alternatives memory: 32K
[    0.423048] ftrace: allocating 32278 entries in 127 pages
[    0.488989] smpboot: APIC(0) Converting physical 0 to logical package 0
[    0.492533] smpboot: Max logical packages: 1
[    0.494471] x2apic enabled
[    0.496613] Switched APIC routing to physical x2apic.
[    0.500777] ..TIMER: vector=0x30 apic1=0 pin1=2 apic2=-1 pin2=-1
[    0.614443] APIC calibration not consistent with PM-Timer: 98ms instead of 100ms
[    0.621777] APIC delta adjusted to PM-Timer: 6243687 (6168230)
[    0.623899] smpboot: CPU0: Intel(R) Core(TM) i5-7360U CPU @ 2.30GHz (family: 0x6, model: 0x8e, stepping: 0x9)
[    0.627011] Performance Events: unsupported p6 CPU model 142 no PMU driver, software events only.
[    0.641136] KVM setup paravirtual spinlock
[    0.643123] x86: Booting SMP configuration:
[    0.644243] .... node  #0, CPUs:      #1
[    0.646383] kvm-clock: cpu 1, msr 0:3ffe3041, secondary cpu clock
[    0.649659] mce: CPU supports 0 MCE banks
[    0.652484] x86: Booted up 1 node, 2 CPUs
[    0.654845] smpboot: Total of 2 processors activated (9215.99 BogoMIPS)
[    0.657168] devtmpfs: initialized
[    0.661069] evm: security.selinux
[    0.662185] evm: security.SMACK64
[    0.664042] evm: security.SMACK64EXEC
[    0.666202] evm: security.SMACK64TRANSMUTE
[    0.667293] evm: security.SMACK64MMAP
[    0.668168] evm: security.ima
[    0.668934] evm: security.capability
[    0.670236] clocksource: jiffies: mask: 0xffffffff max_cycles: 0xffffffff, max_idle_ns: 7645041785100000 ns
[    0.673954] futex hash table entries: 512 (order: 3, 32768 bytes)
[    0.675351] pinctrl core: initialized pinctrl subsystem
[    0.677002] RTC time:  0:42:44, date: 03/29/20
[    0.678180] NET: Registered protocol family 16
[    0.692296] cpuidle: using governor ladder
[    0.708654] cpuidle: using governor menu
[    0.709723] PCCT header not found.
[    0.710618] ACPI: bus type PCI registered
[    0.712493] acpiphp: ACPI Hot Plug PCI Controller Driver version: 0.5
[    0.714412] PCI: Using configuration type 1 for base access
[    0.733267] ACPI: Added _OSI(Module Device)
[    0.734768] ACPI: Added _OSI(Processor Device)
[    0.736237] ACPI: Added _OSI(3.0 _SCP Extensions)
[    0.738665] ACPI: Added _OSI(Processor Aggregator Device)
[    0.740962] ACPI: Executed 1 blocks of module-level executable AML code
[    0.745141] ACPI: Interpreter enabled
[    0.747458] ACPI: (supports S0 S5)
[    0.748756] ACPI: Using IOAPIC for interrupt routing
[    0.750438] PCI: Using host bridge windows from ACPI; if necessary, use "pci=nocrs" and report a bug
[    0.758765] ACPI: PCI Root Bridge [PCI0] (domain 0000 [bus 00-ff])
[    0.760578] acpi PNP0A03:00: _OSC: OS supports [ASPM ClockPM Segments MSI]
[    0.763429] acpi PNP0A03:00: _OSC: not requesting OS control; OS requires [ExtendedConfig ASPM ClockPM MSI]
[    0.766538] acpi PNP0A03:00: fail to add MMCONFIG information, can't access extended PCI configuration space under this bridge.
[    0.773178] PCI host bridge to bus 0000:00
[    0.774364] pci_bus 0000:00: root bus resource [io  0x0000-0x0cf7 window]
[    0.775986] pci_bus 0000:00: root bus resource [io  0x0d00-0xffff window]
[    0.781885] pci_bus 0000:00: root bus resource [mem 0x000a0000-0x000bffff window]
[    0.788489] pci_bus 0000:00: root bus resource [mem 0x40000000-0xfdffffff window]
[    0.790525] pci_bus 0000:00: root bus resource [bus 00-ff]
[    0.797213] pci 0000:00:01.1: legacy IDE quirk: reg 0x10: [io  0x01f0-0x01f7]
[    0.801934] pci 0000:00:01.1: legacy IDE quirk: reg 0x14: [io  0x03f6]
[    0.803509] pci 0000:00:01.1: legacy IDE quirk: reg 0x18: [io  0x0170-0x0177]
[    0.805213] pci 0000:00:01.1: legacy IDE quirk: reg 0x1c: [io  0x0376]
[    0.838086] pci 0000:00:07.0: quirk: [io  0x4000-0x403f] claimed by PIIX4 ACPI
[    0.840681] pci 0000:00:07.0: quirk: [io  0x4100-0x410f] claimed by PIIX4 SMB
[    0.850325] ACPI: PCI Interrupt Link [LNKA] (IRQs 5 9 10 *11)
[    0.852783] ACPI: PCI Interrupt Link [LNKB] (IRQs 5 9 *10 11)
[    0.857843] ACPI: PCI Interrupt Link [LNKC] (IRQs 5 *9 10 11)
[    0.865105] ACPI: PCI Interrupt Link [LNKD] (IRQs 5 9 10 *11)
[    0.870564] ACPI: Enabled 2 GPEs in block 00 to 07
[    0.872314] vgaarb: setting as boot device: PCI:0000:00:02.0
[    0.874171] vgaarb: device added: PCI:0000:00:02.0,decodes=io+mem,owns=io+mem,locks=none
[    0.880092] vgaarb: loaded
[    0.883366] vgaarb: bridge control possible 0000:00:02.0
[    0.885990] SCSI subsystem initialized
[    0.888211] ACPI: bus type USB registered
[    0.889459] usbcore: registered new interface driver usbfs
[    0.890915] usbcore: registered new interface driver hub
[    0.892503] usbcore: registered new device driver usb
[    0.897778] PCI: Using ACPI for IRQ routing
[    0.900116] NetLabel: Initializing
[    0.901293] NetLabel:  domain hash size = 128
[    0.902495] NetLabel:  protocols = UNLABELED CIPSOv4
[    0.903850] NetLabel:  unlabeled traffic allowed by default
[    0.905685] amd_nb: Cannot enumerate AMD northbridges
[    0.907168] clocksource: Switched to clocksource kvm-clock
[    0.918462] AppArmor: AppArmor Filesystem Enabled
[    0.920008] pnp: PnP ACPI init
[    0.921850] pnp: PnP ACPI: found 3 devices
[    0.932469] clocksource: acpi_pm: mask: 0xffffff max_cycles: 0xffffff, max_idle_ns: 2085701024 ns
[    0.940621] NET: Registered protocol family 2
[    0.943880] TCP established hash table entries: 8192 (order: 4, 65536 bytes)
[    0.949173] TCP bind hash table entries: 8192 (order: 5, 131072 bytes)
[    0.955529] TCP: Hash tables configured (established 8192 bind 8192)
[    0.957426] UDP hash table entries: 512 (order: 2, 16384 bytes)
[    0.960267] UDP-Lite hash table entries: 512 (order: 2, 16384 bytes)
[    0.962033] NET: Registered protocol family 1
[    0.963589] pci 0000:00:00.0: Limiting direct PCI/PCI transfers
[    0.965603] pci 0000:00:01.0: Activating ISA DMA hang workarounds
[    0.968272] Unpacking initramfs...
[    1.314669] Freeing initrd memory: 14816K
[    1.318493] platform rtc_cmos: registered platform RTC device (no PNP device found)
[    1.321858] Scanning for low memory corruption every 60 seconds
[    1.325071] audit: initializing netlink subsys (disabled)
[    1.327022] audit: type=2000 audit(1585442573.407:1): initialized
[    1.329378] Initialise system trusted keyring
[    1.330983] HugeTLB registered 2 MB page size, pre-allocated 0 pages
[    1.335287] zbud: loaded
[    1.336711] VFS: Disk quotas dquot_6.6.0
[    1.337937] VFS: Dquot-cache hash table entries: 512 (order 0, 4096 bytes)
[    1.339666] squashfs: version 4.0 (2009/01/31) Phillip Lougher
[    1.341613] fuse init (API version 7.23)
[    1.343243] Key type big_key registered
[    1.344934] Allocating IMA MOK and blacklist keyrings.
[    1.348244] Key type asymmetric registered
[    1.350426] Asymmetric key parser 'x509' registered
[    1.351976] Block layer SCSI generic (bsg) driver version 0.4 loaded (major 249)
[    1.354225] io scheduler noop registered
[    1.355533] io scheduler deadline registered (default)
[    1.357997] io scheduler cfq registered
[    1.361733] pci_hotplug: PCI Hot Plug PCI Core version: 0.5
[    1.364214] pciehp: PCI Express Hot Plug Controller Driver version: 0.4
[    1.366326] ACPI: AC Adapter [AC] (on-line)
[    1.367488] input: Power Button as /devices/LNXSYSTM:00/LNXPWRBN:00/input/input0
[    1.369945] ACPI: Power Button [PWRF]
[    1.371086] input: Sleep Button as /devices/LNXSYSTM:00/LNXSLPBN:00/input/input1
[    1.372878] ACPI: Sleep Button [SLPF]
[    1.374914] GHES: HEST is not enabled!
[    1.376372] ACPI: Battery Slot [BAT0] (battery present)
[    1.414438] Serial: 8250/16550 driver, 32 ports, IRQ sharing enabled
[    1.445935] 00:02: ttyS0 at I/O 0x3f8 (irq = 4, base_baud = 115200) is a 16550A
[    1.454195] Linux agpgart interface v0.103
[    1.457806] loop: module loaded
[    1.459162] scsi host0: ata_piix
[    1.460139] scsi host1: ata_piix
[    1.460938] ata1: PATA max UDMA/33 cmd 0x1f0 ctl 0x3f6 bmdma 0xd000 irq 14
[    1.463240] ata2: PATA max UDMA/33 cmd 0x170 ctl 0x376 bmdma 0xd008 irq 15
[    1.466152] libphy: Fixed MDIO Bus: probed
[    1.467923] tun: Universal TUN/TAP device driver, 1.6
[    1.469311] tun: (C) 1999-2004 Max Krasnyansky <maxk@qualcomm.com>
[    1.472289] PPP generic driver version 2.4.2
[    1.474852] ehci_hcd: USB 2.0 'Enhanced' Host Controller (EHCI) Driver
[    1.477751] ehci-pci: EHCI PCI platform driver
[    1.481204] ehci-platform: EHCI generic platform driver
[    1.483080] ohci_hcd: USB 1.1 'Open' Host Controller (OHCI) Driver
[    1.486073] ohci-pci: OHCI PCI platform driver
[    1.489537] ohci-platform: OHCI generic platform driver
[    1.491269] uhci_hcd: USB Universal Host Controller Interface driver
[    1.493493] i8042: PNP: PS/2 Controller [PNP0303:PS2K,PNP0f03:PS2M] at 0x60,0x64 irq 1,12
[    1.513624] serio: i8042 KBD port at 0x60,0x64 irq 1
[    1.517251] serio: i8042 AUX port at 0x60,0x64 irq 12
[    1.521878] mousedev: PS/2 mouse device common for all mice
[    1.524433] input: AT Translated Set 2 keyboard as /devices/platform/i8042/serio0/input/input2
[    1.527845] rtc_cmos rtc_cmos: rtc core: registered rtc_cmos as rtc0
[    1.530006] rtc_cmos rtc_cmos: alarms up to one day, 114 bytes nvram
[    1.532432] i2c /dev entries driver
[    1.533659] device-mapper: uevent: version 1.0.3
[    1.535439] device-mapper: ioctl: 4.34.0-ioctl (2015-10-28) initialised: dm-devel@redhat.com
[    1.538140] ledtrig-cpu: registered to indicate activity on CPUs
[    1.540569] NET: Registered protocol family 10
[    1.542034] NET: Registered protocol family 17
[    1.543302] Key type dns_resolver registered
[    1.545794] registered taskstats version 1
[    1.548066] Loading compiled-in X.509 certificates
[    1.550050] Loaded X.509 cert 'Build time autogenerated kernel key: d03773f65dd2b75b701d4dd50cb1e8d0c07b3b6e'
[    1.553260] zswap: loaded using pool lzo/zbud
[    1.558840] Key type trusted registered
[    1.564568] Key type encrypted registered
[    1.566139] AppArmor: AppArmor sha1 policy hashing enabled
[    1.567899] ima: No TPM chip found, activating TPM-bypass!
[    1.569846] ima: Allocated hash algorithm: sha1
[    1.571721] evm: HMAC attrs: 0x1
[    1.573139]   Magic number: 12:840:709
[    1.575037] rtc_cmos rtc_cmos: setting system clock to 2020-03-29 00:42:45 UTC (1585442565)
[    1.578778] BIOS EDD facility v0.16 2004-Jun-25, 0 devices found
[    1.583814] EDD information not available.
[    1.620782] Freeing unused kernel memory: 1484K
[    1.622356] Write protecting the kernel read-only data: 14336k
[    1.624911] Freeing unused kernel memory: 1620K
[    1.626667] Freeing unused kernel memory: 88K
Loading, please wait...
starting version 229
[    1.640999] random: systemd-udevd: uninitialized urandom read (16 bytes read, 3 bits of entropy available)
[    1.641104] random: udevadm: uninitialized urandom read (16 bytes read, 3 bits of entropy available)
[    1.641121] random: udevadm: uninitialized urandom read (16 bytes read, 3 bits of entropy available)
[    1.649759] random: udevadm: uninitialized urandom read (16 bytes read, 3 bits of entropy available)
[    1.649809] random: udevadm: uninitialized urandom read (16 bytes read, 3 bits of entropy available)
[    1.649967] random: udevadm: uninitialized urandom read (16 bytes read, 3 bits of entropy available)
[    1.650026] random: udevadm: uninitialized urandom read (16 bytes read, 3 bits of entropy available)
[    1.650086] random: udevadm: uninitialized urandom read (16 bytes read, 3 bits of entropy available)
[    1.650143] random: udevadm: uninitialized urandom read (16 bytes read, 3 bits of entropy available)
[    1.650197] random: udevadm: uninitialized urandom read (16 bytes read, 3 bits of entropy available)
[    1.724810] e1000: Intel(R) PRO/1000 Network Driver - version 7.3.21-k8-NAPI
[    1.728021] e1000: Copyright (c) 1999-2006 Intel Corporation.
[    1.729408] Fusion MPT base driver 3.04.20
[    1.730674] Copyright (c) 1999-2008 LSI Corporation
[    1.736824] Fusion MPT SPI Host driver 3.04.20
[    1.756942] AVX2 version of gcm_enc/dec engaged.
[    1.760829] AES CTR mode by8 optimization enabled
[    1.976664] input: ImExPS/2 Generic Explorer Mouse as /devices/platform/i8042/serio1/input/input4
[    2.179650] e1000 0000:00:03.0 eth0: (PCI:33MHz:32-bit) 02:0a:56:fb:b9:09
[    2.182886] e1000 0000:00:03.0 eth0: Intel(R) PRO/1000 Network Connection
[    2.188229] mptbase: ioc0: Initiating bringup
[    2.189158] e1000 0000:00:03.0 enp0s3: renamed from eth0
[    2.863761] tsc: Refined TSC clocksource calibration: 2303.221 MHz
[    2.865421] clocksource: tsc: mask: 0xffffffffffffffff max_cycles: 0x213317d5421, max_idle_ns: 440795264606 ns
[    2.868915] ioc0: LSI53C1030 A0: Capabilities={Initiator}
[    3.918691] scsi host2: ioc0: LSI53C1030 A0, FwRev=00000000h, Ports=1, MaxQ=256, IRQ=20
[    4.326633] scsi 2:0:0:0: Direct-Access     VBOX     HARDDISK         1.0  PQ: 0 ANSI: 5
[    4.329051] scsi target2:0:0: Beginning Domain Validation
[    4.331701] scsi target2:0:0: Domain Validation skipping write tests
[    4.333017] scsi target2:0:0: Ending Domain Validation
[    4.334743] scsi target2:0:0: asynchronous
[    4.336445] scsi 2:0:1:0: Direct-Access     VBOX     HARDDISK         1.0  PQ: 0 ANSI: 5
[    4.338386] scsi target2:0:1: Beginning Domain Validation
[    4.341010] scsi target2:0:1: Domain Validation skipping write tests
[    4.342789] scsi target2:0:1: Ending Domain Validation
[    4.354798] scsi target2:0:1: asynchronous
[    4.366421] sd 2:0:0:0: Attached scsi generic sg0 type 0
[    4.368790] sd 2:0:0:0: [sda] 20971520 512-byte logical blocks: (10.7 GB/10.0 GiB)
[    4.371505] sd 2:0:0:0: [sda] Write Protect is off
[    4.372855] sd 2:0:1:0: Attached scsi generic sg1 type 0
[    4.379099] sd 2:0:1:0: [sdb] 20480 512-byte logical blocks: (10.5 MB/10.0 MiB)
[    4.386686] sd 2:0:0:0: [sda] Incomplete mode parameter data
[    4.388661] sd 2:0:0:0: [sda] Assuming drive cache: write through
[    4.394073] sd 2:0:1:0: [sdb] Write Protect is off
[    4.402286] sd 2:0:1:0: [sdb] Incomplete mode parameter data
[    4.404193] sd 2:0:1:0: [sdb] Assuming drive cache: write through
[    4.413181]  sda: sda1
[    4.415556] sd 2:0:0:0: [sda] Attached SCSI disk
[    4.417514] sd 2:0:1:0: [sdb] Attached SCSI disk
Begin: Loading essential drivers ... [    5.783123] md: linear personality registered for level -1
[    5.792067] md: multipath personality registered for level -4
[    5.797111] md: raid0 personality registered for level 0
[    5.809193] md: raid1 personality registered for level 1
[    5.906861] raid6: sse2x1   gen()  4742 MB/s
[    5.979189] raid6: sse2x1   xor()  7632 MB/s
[    6.047462] raid6: sse2x2   gen() 10774 MB/s
[    6.115363] raid6: sse2x2   xor()  8149 MB/s
[    6.183254] raid6: sse2x4   gen() 14473 MB/s
[    6.251208] raid6: sse2x4   xor()  8189 MB/s
[    6.319828] raid6: avx2x1   gen() 14963 MB/s
[    6.387233] raid6: avx2x2   gen() 21138 MB/s
[    6.455402] raid6: avx2x4   gen() 24704 MB/s
[    6.456969] raid6: using algorithm avx2x4 gen() 24704 MB/s
[    6.458494] raid6: using avx2x2 recovery algorithm
[    6.461213] xor: automatically using best checksumming function:
[    6.499512]    avx       : 24737.000 MB/sec
[    6.502182] async_tx: api initialized (async)
[    6.516242] md: raid6 personality registered for level 6
[    6.519590] md: raid5 personality registered for level 5
[    6.520946] md: raid4 personality registered for level 4
[    6.530375] md: raid10 personality registered for level 10
done.
Begin: Running /scripts/init-premount ... done.
Begin: Mounting root file system ... Begin: Running /scripts/local-top ... done.
Begin: Running /scripts/local-premount ... [    6.561688] Btrfs loaded
Scanning for Btrfs filesystems
done.
Warning: fsck not present, so skipping root file system
[    6.618866] EXT4-fs (sda1): mounted filesystem with ordered data mode. Opts: (null)
done.
Begin: Running /scripts/local-bottom ... done.
Begin: Running /scripts/init-bottom ... done.
[    6.755388] systemd[1]: systemd 229 running in system mode. (+PAM +AUDIT +SELINUX +IMA +APPARMOR +SMACK +SYSVINIT +UTMP +LIBCRYPTSETUP +GCRYPT +GNUTLS +ACL +XZ -LZ4 +SECCOMP +BLKID +ELFUTILS +KMOD -IDN)
[    6.764742] systemd[1]: Detected virtualization oracle.
[    6.766329] systemd[1]: Detected architecture x86-64.

Welcome to [1mUbuntu 16.04.6 LTS[0m!

[    6.774681] systemd[1]: Set hostname to <ubuntu-xenial>.
[    6.998677] systemd[1]: Started Forward Password Requests to Wall Directory Watch.
[[0;32m  OK  [0m] Started Forward Password Requests to Wall Directory Watch.
[    7.020440] systemd[1]: Reached target User and Group Name Lookups.
[[0;32m  OK  [0m] Reached target User and Group Name Lookups.
[    7.023862] systemd[1]: Set up automount Arbitrary Executable File Formats File System Automount Point.
[[0;32m  OK  [0m] Set up automount Arbitrary Executab...ats File System Automount Point.
[    7.029975] systemd[1]: Started Trigger resolvconf update for networkd DNS.
[[0;32m  OK  [0m] Started Trigger resolvconf update for networkd DNS.
[    7.034491] systemd[1]: Listening on Device-mapper event daemon FIFOs.
[[0;32m  OK  [0m] Listening on Device-mapper event daemon FIFOs.
[    7.038145] systemd[1]: Listening on LVM2 poll daemon socket.
[[0;32m  OK  [0m] Listening on LVM2 poll daemon socket.
[    7.041805] systemd[1]: Reached target Encrypted Volumes.
[[0;32m  OK  [0m] Reached target Encrypted Volumes.
[    7.051946] systemd[1]: Listening on Syslog Socket.
[[0;32m  OK  [0m] Listening on Syslog Socket.
[    7.054787] systemd[1]: Created slice User and Session Slice.
[[0;32m  OK  [0m] Created slice User and Session Slice.
[    7.057912] systemd[1]: Listening on LVM2 metadata daemon socket.
[[0;32m  OK  [0m] Listening on LVM2 metadata daemon socket.
[    7.061260] systemd[1]: Listening on udev Control Socket.
[[0;32m  OK  [0m] Listening on udev Control Socket.
[    7.067925] systemd[1]: Listening on /dev/initctl Compatibility Named Pipe.
[[0;32m  OK  [0m] Listening on /dev/initctl Compatibility Named Pipe.
[    7.071554] systemd[1]: Listening on Journal Audit Socket.
[[0;32m  OK  [0m] Listening on Journal Audit Socket.
[    7.074899] systemd[1]: Listening on Journal Socket (/dev/log).
[[0;32m  OK  [0m] Listening on Journal Socket (/dev/log).
[    7.085145] systemd[1]: Reached target System Time Synchronized.
[[0;32m  OK  [0m] Reached target System Time Synchronized.
[    7.090218] systemd[1]: Created slice System Slice.
[[0;32m  OK  [0m] Created slice System Slice.
[    7.092681] systemd[1]: Reached target Slices.
[[0;32m  OK  [0m] Reached target Slices.
[    7.095166] systemd[1]: Created slice system-serial\x2dgetty.slice.
[[0;32m  OK  [0m] Created slice system-serial\x2dgetty.slice.
[    7.104007] systemd[1]: Listening on udev Kernel Socket.
[[0;32m  OK  [0m] Listening on udev Kernel Socket.
[    7.111213] systemd[1]: Listening on Journal Socket.
[[0;32m  OK  [0m] Listening on Journal Socket.
[    7.131808] systemd[1]: Starting Load Kernel Modules...
         Starting Load Kernel Modules...
[    7.137947] systemd[1]: Starting Set console keymap...
         Starting Set console keymap...
[    7.146028] systemd[1]: Starting Create list of required static device nodes for the current kernel...
         Starting Create list of required st... nodes for the current kernel...
[    7.151892] Loading iSCSI transport class v2.0-870.
[    7.168391] systemd[1]: Mounting Huge Pages File System...
         Mounting Huge Pages File System...
[    7.193405] systemd[1]: Starting Uncomplicated firewall...
         Starting Uncomplicated firewall...
[    7.214746] systemd[1]: Starting Nameserver information manager...
         Starting Nameserver information manager...
[    7.220989] systemd[1]: Starting Journal Service...
         Starting Journal Service...
[    7.224556] systemd[1]: Mounting POSIX Message Queue File System...
         [    7.228640] iscsi: registered transport (tcp)
Mounting POSIX Message Queue File System...
[    7.233347] systemd[1]: Starting Monitoring of LVM2 mirrors, snapshots etc. using dmeventd or progress polling...
         Starting Monitoring of LVM2 mirrors... dmeventd or progress polling...
[    7.242077] systemd[1]: Starting Remount Root and Kernel File Systems...
         Starting Remount Root and Kernel File Systems...
[    7.247603] systemd[1]: Reached target Swap.
[[0;32m  OK  [0m] Reached target Swap.
[    7.256361] systemd[1]: Mounting Debug File System...
         Mounting Debug File System...
[    7.279451] EXT4-fs (sda1): re-mounted. Opts: (null)
[    7.292734] systemd[1]: Mounted Huge Pages File System.
[[0;32m  OK  [0m] Mounted Huge Pages File System.
[    7.335700] systemd[1]: Mounted POSIX Message Queue File System.
[[0;32m  OK  [0m] Mounted POSIX Message Queue File System.
[    7.343411] systemd[1]: Mounted Debug File System.
[[0;32m  OK  [0m] Mounted Debug File System.
[    7.355405] systemd[1]: Started Journal Service.
[[0;32m  OK  [0m] Started Journal Service.
[    7.363125] iscsi: registered transport (iser)
[[0;32m  OK  [0m] Started Load Kernel Modules.
[[0;32m  OK  [0m] Started Set console keymap.
[[0;32m  OK  [0m] Started Create list of required sta...ce nodes for the current kernel.
[[0;32m  OK  [0m] Started Uncomplicated firewall.
[[0;32m  OK  [0m] Started Remount Root and Kernel File Systems.
[[0;32m  OK  [0m] Started Nameserver information manager.
[    7.789738] random: nonblocking pool is initialized
[[0;32m  OK  [0m] Started LVM2 metadata daemon.
         Starting Load/Save Random Seed...
         Starting udev Coldplug all Devices...
         Starting Create Static Device Nodes in /dev...
         Mounting FUSE Control File System...
         Starting Apply Kernel Variables...
         Starting Flush Journal to Persistent Storage...
[[0;32m  OK  [0m] Mounted FUSE Control File System.
[[0;32m  OK  [0m] Started Load/Save Random Seed.
[[0;32m  OK  [0m] Started Apply Kernel Variables.
[[0;32m  OK  [0m] Started Create Static Device Nodes in /dev.
[[0;32m  OK  [0m] Started Flush Journal to Persistent Storage.
         Starting udev Kernel Device Manager...
[[0;32m  OK  [0m] Started udev Coldplug all Devices.
[[0;32m  OK  [0m] Started udev Kernel Device Manager.
[[0;32m  OK  [0m] Started Dispatch Password Requests to Console Directory Watch.
[[0;32m  OK  [0m] Started Monitoring of LVM2 mirrors,...ng dmeventd or progress polling.
[[0;32m  OK  [0m] Reached target Local File Systems (Pre).
[[0;32m  OK  [0m] Reached target Local File Systems.
         Starting LSB: AppArmor initialization...
         Starting Tell Plymouth To Write Out Runtime Data...
         Starting Create Volatile Files and Directories...
         Starting Initial cloud-init job (pre-networking)...
         Starting Set console font and keymap...
[[0;32m  OK  [0m] Started Tell Plymouth To Write Out Runtime Data.
[[0;32m  OK  [0m] Started Create Volatile Files and Directories.
         Starting Update UTMP about System Boot/Shutdown...
[[0;32m  OK  [0m] Started Update UTMP about System Boot/Shutdown.
[[0;32m  OK  [0m] Started LSB: AppArmor initialization.
[[0;32m  OK  [0m] Found device /dev/ttyS0.
[[0;32m  OK  [0m] Listening on Load/Save RF Kill Switch Status /dev/rfkill Watch.
[[0;32m  OK  [0m] Found device 82540EM Gigabit Ethern...r (PRO/1000 MT Desktop Adapter).
[    9.321766] cloud-init[489]: Cloud-init v. 18.5-45-g3554ffe8-0ubuntu1~16.04.1 running 'init-local' at Sun, 29 Mar 2020 00:42:53 +0000. Up 8.91 seconds.
[[0;32m  OK  [0m] Started Set console font and keymap.
[[0;32m  OK  [0m] Created slice system-getty.slice.
[[0;32m  OK  [0m] Started Initial cloud-init job (pre-networking).
[[0;32m  OK  [0m] Reached target Network (Pre).
         Starting Raise network interfaces...
[[0;32m  OK  [0m] Started ifup for enp0s3.
[[0;32m  OK  [0m] Started Raise network interfaces.
         Starting Initial cloud-init job (metadata service crawler)...
[[0;32m  OK  [0m] Reached target Network.
[   10.305466] cloud-init[973]: Cloud-init v. 18.5-45-g3554ffe8-0ubuntu1~16.04.1 running 'init' at Sun, 29 Mar 2020 00:42:54 +0000. Up 10.01 seconds.
[   10.306860] cloud-init[973]: ci-info: +++++++++++++++++++++++++++++++++++++Net device info++++++++++++++++++++++++++++++++++++++
[   10.316848] cloud-init[973]: ci-info: +--------+------+---------------------------+---------------+--------+-------------------+
[   10.318353] cloud-init[973]: ci-info: | Device |  Up  |          Address          |      Mask     | Scope  |     Hw-Address    |
[   10.319678] cloud-init[973]: ci-info: +--------+------+---------------------------+---------------+--------+-------------------+
[   10.321914] cloud-init[973]: ci-info: | enp0s3 | True |         10.0.2.15         | 255.255.255.0 | global | 02:0a:56:fb:b9:09 |
[   10.324416] cloud-init[973]: ci-info: | enp0s3 | True | fe80::a:56ff:fefb:b909/64 |       .       |  link  | 02:0a:56:fb:b9:09 |
[   10.327050] cloud-init[973]: ci-info: |   lo   | True |         127.0.0.1         |   255.0.0.0   |  host  |         .         |
[   10.329965] cloud-init[973]: ci-info: |   lo   | True |          ::1/128          |       .       |  host  |         .         |
[   10.334149] cloud-init[973]: ci-info: +--------+------+---------------------------+---------------+--------+-------------------+
[   10.338177] cloud-init[973]: ci-info: +++++++++++++++++++++++++++Route IPv4 info++++++++++++++++++++++++++++
[   10.340669] cloud-init[973]: ci-info: +-------+-------------+----------+---------------+-----------+-------+
[   10.343634] cloud-init[973]: ci-info: | Route | Destination | Gateway  |    Genmask    | Interface | Flags |
[   10.346574] cloud-init[973]: ci-info: +-------+-------------+----------+---------------+-----------+-------+
[   10.348892] cloud-init[973]: ci-info: |   0   |   0.0.0.0   | 10.0.2.2 |    0.0.0.0    |   enp0s3  |   UG  |
[   10.351769] cloud-init[973]: ci-info: |   1   |   10.0.2.0  | 0.0.0.0  | 255.255.255.0 |   enp0s3  |   U   |
[   10.354532] cloud-init[973]: ci-info: +-------+-------------+----------+---------------+-----------+-------+
[   10.357514] cloud-init[973]: ci-info: +++++++++++++++++++Route IPv6 info+++++++++++++++++++
[   10.359533] cloud-init[973]: ci-info: +-------+-------------+---------+-----------+-------+
[   10.370692] cloud-init[973]: ci-info: | Route | Destination | Gateway | Interface | Flags |
[   10.373214] cloud-init[973]: ci-info: +-------+-------------+---------+-----------+-------+
[   10.374777] cloud-init[973]: ci-info: |   0   |  fe80::/64  |    ::   |   enp0s3  |   U   |
[   10.376826] cloud-init[973]: ci-info: |   3   |   ff00::/8  |    ::   |   enp0s3  |   U   |
[   10.378464] cloud-init[973]: ci-info: +-------+-------------+---------+-----------+-------+
[[0;32m  OK  [0m] Started Initial cloud-init job (metadata service crawler).
[[0;32m  OK  [0m] Reached target System Initialization.
[[0;32m  OK  [0m] Listening on ACPID Listen Socket.
[[0;32m  OK  [0m] Started ACPI Events Check.
[[0;32m  OK  [0m] Reached target Paths.
[[0;32m  OK  [0m] Listening on D-Bus System Message Bus Socket.
         Starting LXD - unix socket.
[[0;32m  OK  [0m] Started Daily Cleanup of Temporary Directories.
[[0;32m  OK  [0m] Listening on UUID daemon activation socket.
         Starting Socket activation for snappy daemon.
[[0;32m  OK  [0m] Started Daily apt download activities.
[[0;32m  OK  [0m] Started Daily apt upgrade and clean activities.
[[0;32m  OK  [0m] Reached target Timers.
[[0;32m  OK  [0m] Reached target Network is Online.
         Starting iSCSI initiator daemon (iscsid)...
[[0;32m  OK  [0m] Reached target Cloud-config availability.
[[0;32m  OK  [0m] Listening on LXD - unix socket.
[[0;32m  OK  [0m] Listening on Socket activation for snappy daemon.
[[0;32m  OK  [0m] Reached target Sockets.
[[0;32m  OK  [0m] Reached target Basic System.
[[0;32m  OK  [0m] Started D-Bus System Message Bus.
         Starting Accounts Service...
         Starting System Logging Service...
[[0;32m  OK  [0m] Started Regular background program processing daemon.
         Starting LSB: MD monitoring daemon...
         Starting LSB: Record successful boot for GRUB...
         Starting /etc/rc.local Compatibility...
         Starting Virtualbox guest utils...
[[0;32m  OK  [0m] Started Unattended Upgrades Shutdown.
         Starting Login Service...
[[0;32m  OK  [0m] Started Deferred execution scheduler.
         Starting Snappy daemon...
[[0;32m  OK  [0m] Started FUSE filesystem for LXC.
[[0;32m  OK  [0m] Started ACPI event daemon.
         Starting OpenBSD Secure Shell server...
         Starting LXD - container startup/shutdown...
[[0;32m  OK  [0m] Started iSCSI initiator daemon (iscsid).
[[0;32m  OK  [0m] Started /etc/rc.local Compatibility.
[[0;32m  OK  [0m] Started System Logging Service.
         Starting Login to default iSCSI targets...
[[0;32m  OK  [0m] Started Login Service.
[[0;32m  OK  [0m] Started LSB: Record successful boot for GRUB.
[[0;32m  OK  [0m] Started OpenBSD Secure Shell server.
[[0;32m  OK  [0m] Started LSB: MD monitoring daemon.
[[0;32m  OK  [0m] Started Login to default iSCSI targets.
[[0;32m  OK  [0m] Reached target Remote File Systems (Pre).
[[0;32m  OK  [0m] Reached target Remote File Systems.
         Starting LSB: daemon to balance interrupts for SMP systems...
         Starting LSB: Start and stop the mysql database server daemon...
         Starting Permit User Sessions...
         Starting LSB: Set the CPU Frequency Scaling governor to "ondemand"...
         Starting LSB: automatic crash report generation...
[[0;32m  OK  [0m] Started Permit User Sessions.
         Starting Terminate Plymouth Boot Screen...
         Starting Hold until boot process finishes up...
         Starting Authenticate and Authorize Users to Run Privileged Tasks...
[[0;32m  OK  [0m] Started Hold until boot process finishes up.
[[0;32m  OK  [0m] Started Terminate Plymouth Boot Screen.
         Starting Set console scheme...
[[0;32m  OK  [0m] Started Getty on tty1.
[[0;32m  OK  [0m] Started Serial Getty on ttyS0.
[[0;32m  OK  [0m] Reached target Login Prompts.
[[0;32m  OK  [0m] Started LSB: Set the CPU Frequency Scaling governor to "ondemand".
[[0;32m  OK  [0m] Started Set console scheme.
[[0;32m  OK  [0m] Started Virtualbox guest utils.
[[0;32m  OK  [0m] Started LSB: automatic crash report generation.
[[0;32m  OK  [0m] Started LSB: daemon to balance interrupts for SMP systems.
[[0;32m  OK  [0m] Started Authenticate and Authorize Users to Run Privileged Tasks.
[[0;32m  OK  [0m] Started Accounts Service.
[[0;32m  OK  [0m] Started LXD - container startup/shutdown.
[[0;32m  OK  [0m] Started Snappy daemon.
         Starting Wait until snapd is fully seeded...
[[0;32m  OK  [0m] Started Wait until snapd is fully seeded.
         Starting Apply the settings specified in cloud-config...
[   11.895782] cloud-init[1282]: Cloud-init v. 18.5-45-g3554ffe8-0ubuntu1~16.04.1 running 'modules:config' at Sun, 29 Mar 2020 00:42:56 +0000. Up 11.76 seconds.
[[0;32m  OK  [0m] Started Apply the settings specified in cloud-config.
[[0;32m  OK  [0m] Started LSB: Start and stop the mysql database server daemon.
[[0;32m  OK  [0m] Reached target Multi-User System.
         Starting Execute cloud user/final scripts...
[[0;32m  OK  [0m] Reached target Graphical Interface.
         Starting Update UTMP about System Runlevel Changes...
[[0;32m  OK  [0m] Started Update UTMP about System Runlevel Changes.
[   12.854231] cloud-init[1450]: Cloud-init v. 18.5-45-g3554ffe8-0ubuntu1~16.04.1 running 'modules:final' at Sun, 29 Mar 2020 00:42:57 +0000. Up 12.73 seconds.
[   12.866372] cloud-init[1450]: Cloud-init v. 18.5-45-g3554ffe8-0ubuntu1~16.04.1 finished at Sun, 29 Mar 2020 00:42:57 +0000. Datasource DataSourceNoCloud [seed=/dev/sdb][dsmode=net].  Up 12.84 seconds
[[0;32m  OK  [0m] Started Execute cloud user/final scripts.
[[0;32m  OK  [0m] Reached target Cloud-init target.

Ubuntu 16.04.6 LTS ubuntu-xenial ttyS0

ubuntu-xenial login: 